<?xml version="1.0" encoding="UTF-8"?>
<testsuite xmlns:xsi="http://www.w3.org/2001/XMLSchema-instance" xsi:noNamespaceSchemaLocation="https://maven.apache.org/surefire/maven-surefire-plugin/xsd/surefire-test-report-3.0.xsd" version="3.0" name="TestSuite" time="1.861" tests="5" errors="0" skipped="0" failures="0">
  <properties>
    <property name="sun.desktop" value="windows"/>
    <property name="awt.toolkit" value="sun.awt.windows.WToolkit"/>
    <property name="file.encoding.pkg" value="sun.io"/>
    <property name="java.specification.version" value="1.8"/>
    <property name="sun.cpu.isalist" value="amd64"/>
    <property name="sun.jnu.encoding" value="Cp1252"/>
    <property name="java.class.path" value="D:\FinalWorkSpace\MavenTestNGAssignment\target\test-classes;D:\FinalWorkSpace\MavenTestNGAssignment\target\classes;C:\Users\vikrantk\.m2\repository\org\testng\testng\7.1.0\testng-7.1.0.jar;C:\Users\vikrantk\.m2\repository\com\beust\jcommander\1.72\jcommander-1.72.jar;C:\Users\vikrantk\.m2\repository\com\google\inject\guice\4.1.0\guice-4.1.0-no_aop.jar;C:\Users\vikrantk\.m2\repository\javax\inject\javax.inject\1\javax.inject-1.jar;C:\Users\vikrantk\.m2\repository\aopalliance\aopalliance\1.0\aopalliance-1.0.jar;C:\Users\vikrantk\.m2\repository\com\google\guava\guava\19.0\guava-19.0.jar;C:\Users\vikrantk\.m2\repository\org\yaml\snakeyaml\1.21\snakeyaml-1.21.jar;"/>
    <property name="java.vm.vendor" value="Oracle Corporation"/>
    <property name="sun.arch.data.model" value="64"/>
    <property name="user.variant" value=""/>
    <property name="java.vendor.url" value="http://java.oracle.com/"/>
    <property name="user.timezone" value="Asia/Riyadh"/>
    <property name="java.vm.specification.version" value="1.8"/>
    <property name="os.name" value="Windows 10"/>
    <property name="user.country" value="IN"/>
    <property name="sun.java.launcher" value="SUN_STANDARD"/>
    <property name="sun.boot.library.path" value="C:\Program Files\Java\jdk1.8.0_231\jre\bin"/>
    <property name="sun.java.command" value="C:\Users\vikrantk\AppData\Local\Temp\surefire3822225973296835032\surefirebooter1130755135021089436.jar C:\Users\vikrantk\AppData\Local\Temp\surefire3822225973296835032 2020-07-31T17-50-45_764-jvmRun1 surefire1997301773232105878tmp surefire_03773875127873713746tmp"/>
    <property name="surefire.test.class.path" value="D:\FinalWorkSpace\MavenTestNGAssignment\target\test-classes;D:\FinalWorkSpace\MavenTestNGAssignment\target\classes;C:\Users\vikrantk\.m2\repository\org\testng\testng\7.1.0\testng-7.1.0.jar;C:\Users\vikrantk\.m2\repository\com\beust\jcommander\1.72\jcommander-1.72.jar;C:\Users\vikrantk\.m2\repository\com\google\inject\guice\4.1.0\guice-4.1.0-no_aop.jar;C:\Users\vikrantk\.m2\repository\javax\inject\javax.inject\1\javax.inject-1.jar;C:\Users\vikrantk\.m2\repository\aopalliance\aopalliance\1.0\aopalliance-1.0.jar;C:\Users\vikrantk\.m2\repository\com\google\guava\guava\19.0\guava-19.0.jar;C:\Users\vikrantk\.m2\repository\org\yaml\snakeyaml\1.21\snakeyaml-1.21.jar;"/>
    <property name="sun.cpu.endian" value="little"/>
    <property name="user.home" value="C:\Users\vikrantk"/>
    <property name="user.language" value="en"/>
    <property name="java.specification.vendor" value="Oracle Corporation"/>
    <property name="java.home" value="C:\Program Files\Java\jdk1.8.0_231\jre"/>
    <property name="basedir" value="D:\FinalWorkSpace\MavenTestNGAssignment"/>
    <property name="file.separator" value="\"/>
    <property name="line.separator" value="&#10;"/>
    <property name="java.vm.specification.vendor" value="Oracle Corporation"/>
    <property name="java.specification.name" value="Java Platform API Specification"/>
    <property name="java.awt.graphicsenv" value="sun.awt.Win32GraphicsEnvironment"/>
    <property name="surefire.real.class.path" value="C:\Users\vikrantk\AppData\Local\Temp\surefire3822225973296835032\surefirebooter1130755135021089436.jar"/>
    <property name="sun.boot.class.path" value="C:\Program Files\Java\jdk1.8.0_231\jre\lib\resources.jar;C:\Program Files\Java\jdk1.8.0_231\jre\lib\rt.jar;C:\Program Files\Java\jdk1.8.0_231\jre\lib\sunrsasign.jar;C:\Program Files\Java\jdk1.8.0_231\jre\lib\jsse.jar;C:\Program Files\Java\jdk1.8.0_231\jre\lib\jce.jar;C:\Program Files\Java\jdk1.8.0_231\jre\lib\charsets.jar;C:\Program Files\Java\jdk1.8.0_231\jre\lib\jfr.jar;C:\Program Files\Java\jdk1.8.0_231\jre\classes"/>
    <property name="user.script" value=""/>
    <property name="sun.management.compiler" value="HotSpot 64-Bit Tiered Compilers"/>
    <property name="java.runtime.version" value="1.8.0_231-b11"/>
    <property name="user.name" value="vikrantk"/>
    <property name="path.separator" value=";"/>
    <property name="os.version" value="10.0"/>
    <property name="java.endorsed.dirs" value="C:\Program Files\Java\jdk1.8.0_231\jre\lib\endorsed"/>
    <property name="java.runtime.name" value="Java(TM) SE Runtime Environment"/>
    <property name="file.encoding" value="Cp1252"/>
    <property name="java.vm.name" value="Java HotSpot(TM) 64-Bit Server VM"/>
    <property name="localRepository" value="C:\Users\vikrantk\.m2\repository"/>
    <property name="java.vendor.url.bug" value="http://bugreport.sun.com/bugreport/"/>
    <property name="java.io.tmpdir" value="C:\Users\vikrantk\AppData\Local\Temp\"/>
    <property name="java.version" value="1.8.0_231"/>
    <property name="user.dir" value="D:\FinalWorkSpace\MavenTestNGAssignment"/>
    <property name="os.arch" value="amd64"/>
    <property name="java.vm.specification.name" value="Java Virtual Machine Specification"/>
    <property name="java.awt.printerjob" value="sun.awt.windows.WPrinterJob"/>
    <property name="sun.os.patch.level" value=""/>
    <property name="java.library.path" value="C:\Program Files\Java\jdk1.8.0_231\jre\bin;C:\Windows\Sun\Java\bin;C:\Windows\system32;C:\Windows;D:/Java/jre/bin/server;D:/Java/jre/bin;D:/Java/jre/lib/amd64;C:\Program Files (x86)\Common Files\Oracle\Java\javapath;C:\Windows\system32;C:\Windows;C:\Windows\System32\Wbem;C:\Windows\System32\WindowsPowerShell\v1.0\;C:\Windows\System32\OpenSSH\;C:\Program Files (x86)\Micro Focus\Unified Functional Testing\bin;D:\Java\jdk\bin;D:\apache-maven-3.6.3-bin\apache-maven-3.6.3\bin;C:\Users\vikrantk\AppData\Local\Microsoft\WindowsApps;D:\Git\Git\cmd;D:\Eclipse\eclipse;;."/>
    <property name="java.vm.info" value="mixed mode"/>
    <property name="java.vendor" value="Oracle Corporation"/>
    <property name="java.vm.version" value="25.231-b11"/>
    <property name="java.ext.dirs" value="C:\Program Files\Java\jdk1.8.0_231\jre\lib\ext;C:\Windows\Sun\Java\lib\ext"/>
    <property name="sun.io.unicode.encoding" value="UnicodeLittle"/>
    <property name="java.class.version" value="52.0"/>
  </properties>
  <testcase name="Addition" classname="com.MavenTestNGAssignment.TestCase1" time="0.011"/>
  <testcase name="exp" classname="com.MavenTestNGAssignment.TestCase1" time="0.001"/>
  <testcase name="inverse" classname="com.MavenTestNGAssignment.TestCase2" time="0.001"/>
  <testcase name="multiplication" classname="com.MavenTestNGAssignment.TestCase1" time="0.002"/>
  <testcase name="negate" classname="com.MavenTestNGAssignment.TestCase2" time="0.002"/>
</testsuite>