<?xml version="1.0" encoding="UTF-8"?>
<testsuite xmlns:xsi="http://www.w3.org/2001/XMLSchema-instance" xsi:noNamespaceSchemaLocation="https://maven.apache.org/surefire/maven-surefire-plugin/xsd/surefire-test-report-3.0.xsd" version="3.0" name="TestSuite" time="3.225" tests="5" errors="0" skipped="0" failures="0">
  <properties>
    <property name="sun.desktop" value="windows"/>
    <property name="awt.toolkit" value="sun.awt.windows.WToolkit"/>
    <property name="file.encoding.pkg" value="sun.io"/>
    <property name="java.specification.version" value="1.8"/>
    <property name="sun.cpu.isalist" value="amd64"/>
    <property name="sun.jnu.encoding" value="Cp1252"/>
    <property name="java.class.path" value="D:\FinalWorkSpace\MavenTestNGAssignment\target\test-classes;D:\FinalWorkSpace\MavenTestNGAssignment\target\classes;C:\Users\vikrantk\.m2\repository\org\testng\testng\7.1.0\testng-7.1.0.jar;C:\Users\vikrantk\.m2\repository\com\beust\jcommander\1.72\jcommander-1.72.jar;C:\Users\vikrantk\.m2\repository\com\google\inject\guice\4.1.0\guice-4.1.0-no_aop.jar;C:\Users\vikrantk\.m2\repository\javax\inject\javax.inject\1\javax.inject-1.jar;C:\Users\vikrantk\.m2\repository\aopalliance\aopalliance\1.0\aopalliance-1.0.jar;C:\Users\vikrantk\.m2\repository\com\google\guava\guava\19.0\guava-19.0.jar;C:\Users\vikrantk\.m2\repository\org\yaml\snakeyaml\1.21\snakeyaml-1.21.jar;"/>
    <property name="java.vm.vendor" value="Oracle Corporation"/>
    <property name="sun.arch.data.model" value="64"/>
    <property name="user.variant" value=""/>
    <property name="java.vendor.url" value="http://java.oracle.com/"/>
    <property name="user.timezone" value="Asia/Riyadh"/>
    <property name="java.vm.specification.version" value="1.8"/>
    <property name="os.name" value="Windows 10"/>
    <property name="user.country" value="IN"/>
    <property name="sun.java.launcher" value="SUN_STANDARD"/>
    <property name="sun.boot.library.path" value="C:\Program Files\Java\jdk1.8.0_231\jre\bin"/>
    <property name="sun.java.command" value="C:\Users\vikrantk\AppData\Local\Temp\surefire6569265003950855207\surefirebooter6378942175489228368.jar C:\Users\vikrantk\AppData\Local\Temp\surefire6569265003950855207 2020-08-02T18-13-36_685-jvmRun1 surefire6073390378324940084tmp surefire_05141625323106463636tmp"/>
    <property name="surefire.test.class.path" value="D:\FinalWorkSpace\MavenTestNGAssignment\target\test-classes;D:\FinalWorkSpace\MavenTestNGAssignment\target\classes;C:\Users\vikrantk\.m2\repository\org\testng\testng\7.1.0\testng-7.1.0.jar;C:\Users\vikrantk\.m2\repository\com\beust\jcommander\1.72\jcommander-1.72.jar;C:\Users\vikrantk\.m2\repository\com\google\inject\guice\4.1.0\guice-4.1.0-no_aop.jar;C:\Users\vikrantk\.m2\repository\javax\inject\javax.inject\1\javax.inject-1.jar;C:\Users\vikrantk\.m2\repository\aopalliance\aopalliance\1.0\aopalliance-1.0.jar;C:\Users\vikrantk\.m2\repository\com\google\guava\guava\19.0\guava-19.0.jar;C:\Users\vikrantk\.m2\repository\org\yaml\snakeyaml\1.21\snakeyaml-1.21.jar;"/>
    <property name="sun.cpu.endian" value="little"/>
    <property name="user.home" value="C:\Users\vikrantk"/>
    <property name="user.language" value="en"/>
    <property name="java.specification.vendor" value="Oracle Corporation"/>
    <property name="java.home" value="C:\Program Files\Java\jdk1.8.0_231\jre"/>
    <property name="basedir" value="D:\FinalWorkSpace\MavenTestNGAssignment"/>
    <property name="file.separator" value="\"/>
    <property name="line.separator" value="&#10;"/>
    <property name="java.vm.specification.vendor" value="Oracle Corporation"/>
    <property name="java.specification.name" value="Java Platform API Specification"/>
    <property name="java.awt.graphicsenv" value="sun.awt.Win32GraphicsEnvironment"/>
    <property name="surefire.real.class.path" value="C:\Users\vikrantk\AppData\Local\Temp\surefire6569265003950855207\surefirebooter6378942175489228368.jar"/>
    <property name="sun.boot.class.path" value="C:\Program Files\Java\jdk1.8.0_231\jre\lib\resources.jar;C:\Program Files\Java\jdk1.8.0_231\jre\lib\rt.jar;C:\Program Files\Java\jdk1.8.0_231\jre\lib\sunrsasign.jar;C:\Program Files\Java\jdk1.8.0_231\jre\lib\jsse.jar;C:\Program Files\Java\jdk1.8.0_231\jre\lib\jce.jar;C:\Program Files\Java\jdk1.8.0_231\jre\lib\charsets.jar;C:\Program Files\Java\jdk1.8.0_231\jre\lib\jfr.jar;C:\Program Files\Java\jdk1.8.0_231\jre\classes"/>
    <property name="user.script" value=""/>
    <property name="sun.management.compiler" value="HotSpot 64-Bit Tiered Compilers"/>
    <property name="java.runtime.version" value="1.8.0_231-b11"/>
    <property name="user.name" value="vikrantk"/>
    <property name="path.separator" value=";"/>
    <property name="os.version" value="10.0"/>
    <property name="java.endorsed.dirs" value="C:\Program Files\Java\jdk1.8.0_231\jre\lib\endorsed"/>
    <property name="java.runtime.name" value="Java(TM) SE Runtime Environment"/>
    <property name="file.encoding" value="Cp1252"/>
    <property name="java.vm.name" value="Java HotSpot(TM) 64-Bit Server VM"/>
    <property name="localRepository" value="C:\Users\vikrantk\.m2\repository"/>
    <property name="java.vendor.url.bug" value="http://bugreport.sun.com/bugreport/"/>
    <property name="java.io.tmpdir" value="C:\Users\vikrantk\AppData\Local\Temp\"/>
    <property name="java.version" value="1.8.0_231"/>
    <property name="user.dir" value="D:\FinalWorkSpace\MavenTestNGAssignment"/>
    <property name="os.arch" value="amd64"/>
    <property name="java.vm.specification.name" value="Java Virtual Machine Specification"/>
    <property name="java.awt.printerjob" value="sun.awt.windows.WPrinterJob"/>
    <property name="sun.os.patch.level" value=""/>
    <property name="java.library.path" value="C:\Program Files\Java\jdk1.8.0_231\jre\bin;C:\Windows\Sun\Java\bin;C:\Windows\system32;C:\Windows;D:/Java/jre/bin/server;D:/Java/jre/bin;D:/Java/jre/lib/amd64;C:\Program Files (x86)\Common Files\Oracle\Java\javapath;C:\Windows\system32;C:\Windows;C:\Windows\System32\Wbem;C:\Windows\System32\WindowsPowerShell\v1.0\;C:\Windows\System32\OpenSSH\;C:\Program Files (x86)\Micro Focus\Unified Functional Testing\bin;D:\Java\jdk\bin;D:\apache-maven-3.6.3-bin\apache-maven-3.6.3\bin;C:\Users\vikrantk\AppData\Local\Microsoft\WindowsApps;D:\Git\Git\cmd;D:\Eclipse\eclipse;;."/>
    <property name="java.vm.info" value="mixed mode"/>
    <property name="java.vendor" value="Oracle Corporation"/>
    <property name="java.vm.version" value="25.231-b11"/>
    <property name="java.ext.dirs" value="C:\Program Files\Java\jdk1.8.0_231\jre\lib\ext;C:\Windows\Sun\Java\lib\ext"/>
    <property name="sun.io.unicode.encoding" value="UnicodeLittle"/>
    <property name="java.class.version" value="52.0"/>
  </properties>
  <testcase name="Addition[1, 4](1)" classname="com.MavenTestNGAssignment.TestCase1" time="0.027">
    <system-out><![CDATA[Using assertEquals
TestNG_ReportsAndLogs -> inverse is completed
TestNG_ReportsAndLogs -> Addition is completed
Using assertTrue
]]></system-out>
  </testcase>
  <testcase name="exp[1, 1](1)" classname="com.MavenTestNGAssignment.TestCase1" time="0.001"/>
  <testcase name="multiplication[10, 4](1)" classname="com.MavenTestNGAssignment.TestCase1" time="0">
    <system-out><![CDATA[Using assertTrue
TestNG_ReportsAndLogs -> Multipliaction is completed
]]></system-out>
  </testcase>
  <testcase name="inverse[21](1)" classname="com.MavenTestNGAssignment.TestCase2" time="0">
    <system-out><![CDATA[Using assertNotEquals
TestNG_ReportsAndLogs -> Exp is Performed
]]></system-out>
  </testcase>
  <testcase name="negate[21](1)" classname="com.MavenTestNGAssignment.TestCase2" time="0.001">
    <system-out><![CDATA[Using assertTrue
TestNG_ReportsAndLogs -> negate is completed
]]></system-out>
  </testcase>
</testsuite>