<?xml version="1.0" encoding="UTF-8"?>
<!-- Generated by org.testng.reporters.JUnitReportReporter -->
<testsuite skipped="0" hostname="MAVRLT563" name="dfgf.NewTest" tests="1" failures="0" timestamp="2020-07-04T20:52:50 AST" time="0.019" errors="0">
  <testcase name="f" time="0.019" classname="dfgf.NewTest"/>
  <system-out/>
</testsuite> <!-- dfgf.NewTest -->
