<?xml version="1.0" encoding="UTF-8"?>
<!-- Generated by org.testng.reporters.JUnitReportReporter -->
<testsuite skipped="0" hostname="MAVRLT563" name="com.MavenTestNGAssignment.TestCase2" tests="2" failures="0" timestamp="2020-07-31T17:50:50 AST" time="0.009" errors="0">
  <testcase name="inverse" time="0.009" classname="com.MavenTestNGAssignment.TestCase2"/>
  <system-out>
TestNG_ReportsAndLogs -> inverse is completed  </system-out>
  <testcase name="negate" time="0.000" classname="com.MavenTestNGAssignment.TestCase2"/>
  <system-out>
TestNG_ReportsAndLogs -> negate is completed  </system-out>
</testsuite> <!-- com.MavenTestNGAssignment.TestCase2 -->
