<?xml version="1.0" encoding="UTF-8"?>
<!-- Generated by org.testng.reporters.JUnitReportReporter -->
<testsuite skipped="0" hostname="MAVRLT563" name="com.MavenTestNGAssignment.TestCase1" tests="3" failures="0" timestamp="2020-08-02T18:13:54 AST" time="0.016" errors="0">
  <testcase name="Addition" time="0.012" classname="com.MavenTestNGAssignment.TestCase1"/>
  <system-out>
TestNG_ReportsAndLogs -> Addition is completed  </system-out>
  <testcase name="multiplication" time="0.001" classname="com.MavenTestNGAssignment.TestCase1"/>
  <system-out>
TestNG_ReportsAndLogs -> Multipliaction is completed  </system-out>
  <testcase name="exp" time="0.003" classname="com.MavenTestNGAssignment.TestCase1"/>
  <system-out>
TestNG_ReportsAndLogs -> Exp is Performed  </system-out>
</testsuite> <!-- com.MavenTestNGAssignment.TestCase1 -->
