<?xml version="1.0" encoding="UTF-8"?>
<!-- Generated by org.testng.reporters.JUnitReportReporter -->
<testsuite skipped="0" hostname="MAVRLT563" name="com.MavenTestNGAssignment.TestCase2" tests="2" failures="0" timestamp="2020-08-02T18:13:54 AST" time="0.013" errors="0">
  <testcase name="negate" time="0.001" classname="com.MavenTestNGAssignment.TestCase2"/>
  <system-out>
TestNG_ReportsAndLogs -> negate is completed  </system-out>
  <testcase name="inverse" time="0.012" classname="com.MavenTestNGAssignment.TestCase2"/>
  <system-out>
TestNG_ReportsAndLogs -> inverse is completed  </system-out>
</testsuite> <!-- com.MavenTestNGAssignment.TestCase2 -->
